<?xml version="1.0" encoding="UTF-8"?>
<!-- Generated by org.testng.reporters.JUnitXMLReporter -->
<testsuite ignored="0" hostname="BSS-SBOJEDLA" failures="3" tests="66" name="TellWorks App Test Cases" time="1393.34" errors="0" timestamp="2022-06-07T21:58:55 IST">
  <testcase classname="com.miles.tellworks.testcases.AdminTest" name="adminAdjustmentReasonCodesTest" time="7.517"/>
  <testcase classname="com.miles.tellworks.testcases.AdminTest" name="adminReasonCodesTest" time="6.24"/>
  <testcase classname="com.miles.tellworks.testcases.AdminTest" name="adminSerialManagementTest" time="2.691"/>
  <testcase classname="com.miles.tellworks.testcases.AdminTest" name="adminWarehouseLocationTest" time="3.842"/>
  <testcase classname="com.miles.tellworks.testcases.AdminTest" name="adminWarehouseTest" time="2.445"/>
  <testcase classname="com.miles.tellworks.testcases.AdminTest" name="adminWarehouseZonesTest" time="3.256"/>
  <testcase classname="com.miles.tellworks.testcases.AdminTest" name="controlTableAreasTest" time="2.436"/>
  <testcase classname="com.miles.tellworks.testcases.AdminTest" name="controlTableMarketTest" time="2.418"/>
  <testcase classname="com.miles.tellworks.testcases.AdminTest" name="controlTableProjectTest" time="2.3"/>
  <testcase classname="com.miles.tellworks.testcases.AdminTest" name="controlTableRegionsTest" time="2.397"/>
  <testcase classname="com.miles.tellworks.testcases.AdminTest" name="marketProjectTest" time="4.663"/>
  <testcase classname="com.miles.tellworks.testcases.AdminTest" name="partMaintenanceTest" time="37.103"/>
  <testcase classname="com.miles.tellworks.testcases.AdminTest" name="partMasterTest" time="18.764"/>
  <testcase classname="com.miles.tellworks.testcases.AdminTest" name="regionAreaMarketTest" time="4.842"/>
  <testcase classname="com.miles.tellworks.testcases.AdminTest" name="userAdministratationTest" time="17.978"/>
  <testcase classname="com.miles.tellworks.testcases.AdminTest" name="userAuditTest" time="2.896"/>
  <testcase classname="com.miles.tellworks.testcases.InventoryTest" name="cycleManagementTest" time="8.453"/>
  <testcase classname="com.miles.tellworks.testcases.InventoryTest" name="minmaxTest" time="6.526"/>
  <testcase classname="com.miles.tellworks.testcases.InventoryTest" name="onHandSummaryTest" time="78.963"/>
  <testcase classname="com.miles.tellworks.testcases.InventoryTest" name="partMasterTest" time="20.992"/>
  <testcase classname="com.miles.tellworks.testcases.InventoryTest" name="receivedTest" time="65.45"/>
  <testcase classname="com.miles.tellworks.testcases.InventoryTest" name="shippedTest" time="45.751"/>
  <testcase classname="com.miles.tellworks.testcases.InventoryTest" name="stagedInventoryDetailsTest" time="28.59"/>
  <testcase classname="com.miles.tellworks.testcases.InventoryTest" name="stagedTest" time="25.759"/>
  <testcase classname="com.miles.tellworks.testcases.OperationsTest" name="opexInventoryTest" time="26.074"/>
  <testcase classname="com.miles.tellworks.testcases.OperationsTest" name="pickOpexInventoryTest" time="9.701"/>
  <testcase classname="com.miles.tellworks.testcases.DeploymentsTest" name="bomSSTest" time="30.106"/>
  <testcase classname="com.miles.tellworks.testcases.DeploymentsTest" name="bomTest" time="26.434"/>
  <testcase classname="com.miles.tellworks.testcases.DeploymentsTest" name="capxTest" time="115.313"/>
  <testcase classname="com.miles.tellworks.testcases.DeploymentsTest" name="dOPDTest" time="43.953"/>
  <testcase classname="com.miles.tellworks.testcases.DeploymentsTest" name="dSRDSTest" time="19.451"/>
  <testcase classname="com.miles.tellworks.testcases.DeploymentsTest" name="deploymentsDKRRListTest" time="12.775"/>
  <testcase classname="com.miles.tellworks.testcases.DeploymentsTest" name="deploymentsEmailNotificationSetupTest" time="3.907"/>
  <testcase classname="com.miles.tellworks.testcases.DeploymentsTest" name="oVSdTest" time="24.014"/>
  <testcase classname="com.miles.tellworks.testcases.DeploymentsTest" name="psmTest" time="38.167"/>
  <testcase classname="com.miles.tellworks.testcases.DeploymentsTest" name="siteTest" time="15.416"/>
  <testcase classname="com.miles.tellworks.testcases.DeploymentsTest" name="warehouseTest" time="11.849"/>
  <testcase classname="com.miles.tellworks.testcases.ReturnsTest" name="RequestOverviewTest" time="13.682"/>
  <testcase classname="com.miles.tellworks.testcases.ReturnsTest" name="RequestUserApproverTest" time="12.179"/>
  <testcase classname="com.miles.tellworks.testcases.ReturnsTest" name="RequestworkflowMaintenanceTest" time="10.647"/>
  <testcase classname="com.miles.tellworks.testcases.ReceivingTest" name="receivingASNApprovalsTest" time="7.945"/>
  <testcase classname="com.miles.tellworks.testcases.ReceivingTest" name="receivingASNManagementTest" time="8.374"/>
  <testcase classname="com.miles.tellworks.testcases.ReceivingTest" name="receivingManagementTest" time="5.693"/>
  <testcase classname="com.miles.tellworks.testcases.ReceivingTest" name="receivingReversalsTest" time="6.567"/>
  <testcase classname="com.miles.tellworks.testcases.MaintenanceTest" name="PartMaintenanceTest" time="29.174"/>
  <testcase classname="com.miles.tellworks.testcases.MaintenanceTest" name="SupplierMaintenanceTest" time="3.558"/>
  <testcase classname="com.miles.tellworks.testcases.MaintenanceTest" name="maintenanceLocationTest" time="3.771"/>
  <testcase classname="com.miles.tellworks.testcases.MaintenanceTest" name="maintenanceWarehouseTest" time="2.357"/>
  <testcase classname="com.miles.tellworks.testcases.MaintenanceTest" name="maintenanceZoneTest" time="3.037"/>
  <testcase classname="com.miles.tellworks.testcases.DigitalLayerTest" name="DigitalLayerCorrectionsTest" time="26.293"/>
  <testcase classname="com.miles.tellworks.testcases.SupportTest" name="SupportErrorsandAlertsTest" time="7.799"/>
  <testcase classname="com.miles.tellworks.testcases.SupportTest" name="SupportMinMaxTest" time="16.632">
    <failure type="org.openqa.selenium.StaleElementReferenceException" message="stale element reference: element is not attached to the page document
  (Session info: chrome=102.0.5005.63)
For documentation on this error, please visit: https://selenium.dev/exceptions/#stale_element_reference
Build info: version: &amp;apos;4.1.3&amp;apos;, revision: &amp;apos;7b1ebf28ef&amp;apos;
System info: host: &amp;apos;BSS-SBOJEDLA&amp;apos;, ip: &amp;apos;192.168.1.25&amp;apos;, os.name: &amp;apos;Windows 10&amp;apos;, os.arch: &amp;apos;amd64&amp;apos;, os.version: &amp;apos;10.0&amp;apos;, java.version: &amp;apos;17.0.2&amp;apos;
Driver info: org.openqa.selenium.chrome.ChromeDriver
Command: [f4606e74773857503b008895afba67d7, clickElement {id=c498001f-0ded-4ea2-a393-74039f242cab}]
Capabilities {acceptInsecureCerts: false, browserName: chrome, browserVersion: 102.0.5005.63, chrome: {chromedriverVersion: 102.0.5005.61 (0e59bcc00cc4..., userDataDir: C:\Users\sbojedla\AppData\L...}, goog:chromeOptions: {debuggerAddress: localhost:65496}, javascriptEnabled: true, networkConnectionEnabled: false, pageLoadStrategy: normal, platform: WINDOWS, platformName: WINDOWS, proxy: Proxy(), se:cdp: ws://localhost:65496/devtoo..., se:cdpVersion: 102.0.5005.63, setWindowRect: true, strictFileInteractability: false, timeouts: {implicit: 0, pageLoad: 300000, script: 30000}, unhandledPromptBehavior: dismiss and notify, webauthn:extension:credBlob: true, webauthn:extension:largeBlob: true, webauthn:virtualAuthenticators: true}
Element: [[ChromeDriver: chrome on WINDOWS (f4606e74773857503b008895afba67d7)] -&amp;gt; xpath: //input[@id = &amp;apos;MainContent_lbExport&amp;apos;]]
Session ID: f4606e74773857503b008895afba67d7">
      <![CDATA[org.openqa.selenium.StaleElementReferenceException: stale element reference: element is not attached to the page document
  (Session info: chrome=102.0.5005.63)
For documentation on this error, please visit: https://selenium.dev/exceptions/#stale_element_reference
Build info: version: '4.1.3', revision: '7b1ebf28ef'
System info: host: 'BSS-SBOJEDLA', ip: '192.168.1.25', os.name: 'Windows 10', os.arch: 'amd64', os.version: '10.0', java.version: '17.0.2'
Driver info: org.openqa.selenium.chrome.ChromeDriver
Command: [f4606e74773857503b008895afba67d7, clickElement {id=c498001f-0ded-4ea2-a393-74039f242cab}]
Capabilities {acceptInsecureCerts: false, browserName: chrome, browserVersion: 102.0.5005.63, chrome: {chromedriverVersion: 102.0.5005.61 (0e59bcc00cc4..., userDataDir: C:\Users\sbojedla\AppData\L...}, goog:chromeOptions: {debuggerAddress: localhost:65496}, javascriptEnabled: true, networkConnectionEnabled: false, pageLoadStrategy: normal, platform: WINDOWS, platformName: WINDOWS, proxy: Proxy(), se:cdp: ws://localhost:65496/devtoo..., se:cdpVersion: 102.0.5005.63, setWindowRect: true, strictFileInteractability: false, timeouts: {implicit: 0, pageLoad: 300000, script: 30000}, unhandledPromptBehavior: dismiss and notify, webauthn:extension:credBlob: true, webauthn:extension:largeBlob: true, webauthn:virtualAuthenticators: true}
Element: [[ChromeDriver: chrome on WINDOWS (f4606e74773857503b008895afba67d7)] -> xpath: //input[@id = 'MainContent_lbExport']]
Session ID: f4606e74773857503b008895afba67d7
at org.openqa.selenium.remote.codec.w3c.W3CHttpResponseCodec.createException(W3CHttpResponseCodec.java:200)
at org.openqa.selenium.remote.codec.w3c.W3CHttpResponseCodec.decode(W3CHttpResponseCodec.java:133)
at org.openqa.selenium.remote.codec.w3c.W3CHttpResponseCodec.decode(W3CHttpResponseCodec.java:53)
at org.openqa.selenium.remote.HttpCommandExecutor.execute(HttpCommandExecutor.java:184)
at org.openqa.selenium.remote.service.DriverCommandExecutor.invokeExecute(DriverCommandExecutor.java:167)
at org.openqa.selenium.remote.service.DriverCommandExecutor.execute(DriverCommandExecutor.java:142)
at org.openqa.selenium.remote.RemoteWebDriver.execute(RemoteWebDriver.java:567)
at org.openqa.selenium.remote.RemoteWebElement.execute(RemoteWebElement.java:251)
at org.openqa.selenium.remote.RemoteWebElement.click(RemoteWebElement.java:77)
at org.openqa.selenium.support.pagefactory.internal.LocatingElementHandler.invoke(LocatingElementHandler.java:52)
at jdk.proxy2/jdk.proxy2.$Proxy20.click(Unknown Source)
at com.miles.tellworks.pagepanel.Support.SupportMinMax(Support.java:196)
at com.miles.tellworks.testcases.SupportTest.SupportMinMaxTest(SupportTest.java:70)
at java.base/java.util.ArrayList.forEach(ArrayList.java:1511)
... Removed 35 stack frames]]>
    </failure>
  </testcase> <!-- SupportMinMaxTest -->
  <testcase classname="com.miles.tellworks.testcases.SupportTest" name="SupportCompromisedInventoryReconciliationTest" time="8.101"/>
  <testcase classname="com.miles.tellworks.testcases.SupportTest" name="SupportPickDefectiveInventoryTest" time="9.394"/>
  <testcase classname="com.miles.tellworks.testcases.SupportTest" name="SupportChartTransfertoRepairTest" time="93.612"/>
  <testcase classname="com.miles.tellworks.testcases.SupportTest" name="SupportReceivingManagementTest" time="16.043"/>
  <testcase classname="com.miles.tellworks.testcases.SupportTest" name="SupportASNManagementTest" time="9.182"/>
  <testcase classname="com.miles.tellworks.testcases.SupportTest" name="SupportPOSAReversalsTest" time="10.712"/>
  <testcase classname="com.miles.tellworks.testcases.SupportTest" name="SupportCompleteReversalGridTest" time="7.926"/>
  <testcase classname="com.miles.tellworks.testcases.SupportTest" name="SupportConfirmedKitListTest" time="8.05"/>
  <testcase classname="com.miles.tellworks.testcases.SupportTest" name="SupportLoadBuilderMaintenanceTest" time="70.34"/>
  <testcase classname="com.miles.tellworks.testcases.SupportTest" name="SupportPODataSyncTest" time="5.262"/>
  <testcase classname="com.miles.tellworks.testcases.SupportTest" name="SupportOutboundMonitorTest" time="9.868"/>
  <testcase classname="com.miles.tellworks.testcases.SupportInventoryValidationTest" name="SupportInventoryAdjustmentsTest" time="74.238">
    <failure type="org.openqa.selenium.NoSuchElementException" message="Cannot locate option with text: CAPX
For documentation on this error, please visit: https://selenium.dev/exceptions/#no_such_element
Build info: version: &amp;apos;4.1.3&amp;apos;, revision: &amp;apos;7b1ebf28ef&amp;apos;
System info: host: &amp;apos;BSS-SBOJEDLA&amp;apos;, ip: &amp;apos;192.168.1.25&amp;apos;, os.name: &amp;apos;Windows 10&amp;apos;, os.arch: &amp;apos;amd64&amp;apos;, os.version: &amp;apos;10.0&amp;apos;, java.version: &amp;apos;17.0.2&amp;apos;
Driver info: driver.version: unknown">
      <![CDATA[org.openqa.selenium.NoSuchElementException: Cannot locate option with text: CAPX
For documentation on this error, please visit: https://selenium.dev/exceptions/#no_such_element
Build info: version: '4.1.3', revision: '7b1ebf28ef'
System info: host: 'BSS-SBOJEDLA', ip: '192.168.1.25', os.name: 'Windows 10', os.arch: 'amd64', os.version: '10.0', java.version: '17.0.2'
Driver info: driver.version: unknown
at org.openqa.selenium.support.ui.Select.selectByVisibleText(Select.java:151)
at com.miles.tellworks.pagepanel.Support.SupportInventoryAdjustments(Support.java:574)
at com.miles.tellworks.testcases.SupportInventoryValidationTest.SupportInventoryAdjustmentsTest(SupportInventoryValidationTest.java:65)
at java.base/java.util.ArrayList.forEach(ArrayList.java:1511)
... Removed 27 stack frames]]>
    </failure>
  </testcase> <!-- SupportInventoryAdjustmentsTest -->
  <testcase classname="com.miles.tellworks.testcases.SupportInventoryValidationTest" name="SupportInventoryManagementTest" time="32.844"/>
  <testcase classname="com.miles.tellworks.testcases.SupportInventoryValidationTest" name="SupportInventoryMovesTest" time="6.992">
    <failure type="org.openqa.selenium.ElementNotInteractableException" message="element not interactable
  (Session info: chrome=102.0.5005.63)
Build info: version: &amp;apos;4.1.3&amp;apos;, revision: &amp;apos;7b1ebf28ef&amp;apos;
System info: host: &amp;apos;BSS-SBOJEDLA&amp;apos;, ip: &amp;apos;192.168.1.25&amp;apos;, os.name: &amp;apos;Windows 10&amp;apos;, os.arch: &amp;apos;amd64&amp;apos;, os.version: &amp;apos;10.0&amp;apos;, java.version: &amp;apos;17.0.2&amp;apos;
Driver info: org.openqa.selenium.chrome.ChromeDriver
Command: [5e86bcbf823059eaf8242bed3062bf14, sendKeysToElement {id=578c0d49-06e4-4f2f-b60e-1ea14468eb8c, value=[Ljava.lang.CharSequence;@65b34858}]
Capabilities {acceptInsecureCerts: false, browserName: chrome, browserVersion: 102.0.5005.63, chrome: {chromedriverVersion: 102.0.5005.61 (0e59bcc00cc4..., userDataDir: C:\Users\sbojedla\AppData\L...}, goog:chromeOptions: {debuggerAddress: localhost:49725}, javascriptEnabled: true, networkConnectionEnabled: false, pageLoadStrategy: normal, platform: WINDOWS, platformName: WINDOWS, proxy: Proxy(), se:cdp: ws://localhost:49725/devtoo..., se:cdpVersion: 102.0.5005.63, setWindowRect: true, strictFileInteractability: false, timeouts: {implicit: 0, pageLoad: 300000, script: 30000}, unhandledPromptBehavior: dismiss and notify, webauthn:extension:credBlob: true, webauthn:extension:largeBlob: true, webauthn:virtualAuthenticators: true}
Element: [[ChromeDriver: chrome on WINDOWS (5e86bcbf823059eaf8242bed3062bf14)] -&amp;gt; xpath: //td[@class = &amp;apos;row-width-85&amp;apos;]]
Session ID: 5e86bcbf823059eaf8242bed3062bf14">
      <![CDATA[org.openqa.selenium.ElementNotInteractableException: element not interactable
  (Session info: chrome=102.0.5005.63)
Build info: version: '4.1.3', revision: '7b1ebf28ef'
System info: host: 'BSS-SBOJEDLA', ip: '192.168.1.25', os.name: 'Windows 10', os.arch: 'amd64', os.version: '10.0', java.version: '17.0.2'
Driver info: org.openqa.selenium.chrome.ChromeDriver
Command: [5e86bcbf823059eaf8242bed3062bf14, sendKeysToElement {id=578c0d49-06e4-4f2f-b60e-1ea14468eb8c, value=[Ljava.lang.CharSequence;@65b34858}]
Capabilities {acceptInsecureCerts: false, browserName: chrome, browserVersion: 102.0.5005.63, chrome: {chromedriverVersion: 102.0.5005.61 (0e59bcc00cc4..., userDataDir: C:\Users\sbojedla\AppData\L...}, goog:chromeOptions: {debuggerAddress: localhost:49725}, javascriptEnabled: true, networkConnectionEnabled: false, pageLoadStrategy: normal, platform: WINDOWS, platformName: WINDOWS, proxy: Proxy(), se:cdp: ws://localhost:49725/devtoo..., se:cdpVersion: 102.0.5005.63, setWindowRect: true, strictFileInteractability: false, timeouts: {implicit: 0, pageLoad: 300000, script: 30000}, unhandledPromptBehavior: dismiss and notify, webauthn:extension:credBlob: true, webauthn:extension:largeBlob: true, webauthn:virtualAuthenticators: true}
Element: [[ChromeDriver: chrome on WINDOWS (5e86bcbf823059eaf8242bed3062bf14)] -> xpath: //td[@class = 'row-width-85']]
Session ID: 5e86bcbf823059eaf8242bed3062bf14
at org.openqa.selenium.remote.codec.w3c.W3CHttpResponseCodec.createException(W3CHttpResponseCodec.java:200)
at org.openqa.selenium.remote.codec.w3c.W3CHttpResponseCodec.decode(W3CHttpResponseCodec.java:133)
at org.openqa.selenium.remote.codec.w3c.W3CHttpResponseCodec.decode(W3CHttpResponseCodec.java:53)
at org.openqa.selenium.remote.HttpCommandExecutor.execute(HttpCommandExecutor.java:184)
at org.openqa.selenium.remote.service.DriverCommandExecutor.invokeExecute(DriverCommandExecutor.java:167)
at org.openqa.selenium.remote.service.DriverCommandExecutor.execute(DriverCommandExecutor.java:142)
at org.openqa.selenium.remote.RemoteWebDriver.execute(RemoteWebDriver.java:567)
at org.openqa.selenium.remote.RemoteWebElement.execute(RemoteWebElement.java:251)
at org.openqa.selenium.remote.RemoteWebElement.sendKeys(RemoteWebElement.java:107)
at org.openqa.selenium.support.pagefactory.internal.LocatingElementHandler.invoke(LocatingElementHandler.java:52)
at jdk.proxy2/jdk.proxy2.$Proxy20.sendKeys(Unknown Source)
at com.miles.tellworks.pagepanel.Support.SupportInventoryMoves(Support.java:514)
at com.miles.tellworks.testcases.SupportInventoryValidationTest.SupportInventoryMovesTest(SupportInventoryValidationTest.java:59)
at java.base/java.util.ArrayList.forEach(ArrayList.java:1511)
... Removed 35 stack frames]]>
    </failure>
  </testcase> <!-- SupportInventoryMovesTest -->
</testsuite> <!-- TellWorks App Test Cases -->
