<?xml version="1.0" encoding="UTF-8"?>
<!-- Generated by org.testng.reporters.JUnitXMLReporter -->
<testsuite ignored="0" hostname="BSS-SBOJEDLA" failures="0" tests="16" name="TellWorks App Test Cases 1" time="19.528" errors="0" timestamp="2022-05-26T15:53:47 IST">
  <testcase classname="com.miles.tellworks.testcases.AdminTest" name="@BeforeClass launchBrowser" time="18.988">
    <failure type="org.openqa.selenium.StaleElementReferenceException" message="stale element reference: element is not attached to the page document
  (Session info: chrome=102.0.5005.63)
For documentation on this error, please visit: https://selenium.dev/exceptions/#stale_element_reference
Build info: version: &amp;apos;4.1.3&amp;apos;, revision: &amp;apos;7b1ebf28ef&amp;apos;
System info: host: &amp;apos;BSS-SBOJEDLA&amp;apos;, ip: &amp;apos;192.168.1.25&amp;apos;, os.name: &amp;apos;Windows 10&amp;apos;, os.arch: &amp;apos;amd64&amp;apos;, os.version: &amp;apos;10.0&amp;apos;, java.version: &amp;apos;17.0.2&amp;apos;
Driver info: org.openqa.selenium.chrome.ChromeDriver
Command: [dfa3ad129b976ee434e016e782c022d8, clickElement {id=e3ed90be-fc8a-48d9-b3ef-77d57dfd03b7}]
Capabilities {acceptInsecureCerts: false, browserName: chrome, browserVersion: 102.0.5005.63, chrome: {chromedriverVersion: 102.0.5005.61 (0e59bcc00cc4..., userDataDir: C:\Users\sbojedla\AppData\L...}, goog:chromeOptions: {debuggerAddress: localhost:56334}, javascriptEnabled: true, networkConnectionEnabled: false, pageLoadStrategy: normal, platform: WINDOWS, platformName: WINDOWS, proxy: Proxy(), se:cdp: ws://localhost:56334/devtoo..., se:cdpVersion: 102.0.5005.63, setWindowRect: true, strictFileInteractability: false, timeouts: {implicit: 0, pageLoad: 300000, script: 30000}, unhandledPromptBehavior: dismiss and notify, webauthn:extension:credBlob: true, webauthn:extension:largeBlob: true, webauthn:virtualAuthenticators: true}
Element: [[ChromeDriver: chrome on WINDOWS (dfa3ad129b976ee434e016e782c022d8)] -&amp;gt; xpath: //input[@id = &amp;apos;MainContent_btnLogin&amp;apos;]]
Session ID: dfa3ad129b976ee434e016e782c022d8">
      <![CDATA[org.openqa.selenium.StaleElementReferenceException: stale element reference: element is not attached to the page document
  (Session info: chrome=102.0.5005.63)
For documentation on this error, please visit: https://selenium.dev/exceptions/#stale_element_reference
Build info: version: '4.1.3', revision: '7b1ebf28ef'
System info: host: 'BSS-SBOJEDLA', ip: '192.168.1.25', os.name: 'Windows 10', os.arch: 'amd64', os.version: '10.0', java.version: '17.0.2'
Driver info: org.openqa.selenium.chrome.ChromeDriver
Command: [dfa3ad129b976ee434e016e782c022d8, clickElement {id=e3ed90be-fc8a-48d9-b3ef-77d57dfd03b7}]
Capabilities {acceptInsecureCerts: false, browserName: chrome, browserVersion: 102.0.5005.63, chrome: {chromedriverVersion: 102.0.5005.61 (0e59bcc00cc4..., userDataDir: C:\Users\sbojedla\AppData\L...}, goog:chromeOptions: {debuggerAddress: localhost:56334}, javascriptEnabled: true, networkConnectionEnabled: false, pageLoadStrategy: normal, platform: WINDOWS, platformName: WINDOWS, proxy: Proxy(), se:cdp: ws://localhost:56334/devtoo..., se:cdpVersion: 102.0.5005.63, setWindowRect: true, strictFileInteractability: false, timeouts: {implicit: 0, pageLoad: 300000, script: 30000}, unhandledPromptBehavior: dismiss and notify, webauthn:extension:credBlob: true, webauthn:extension:largeBlob: true, webauthn:virtualAuthenticators: true}
Element: [[ChromeDriver: chrome on WINDOWS (dfa3ad129b976ee434e016e782c022d8)] -> xpath: //input[@id = 'MainContent_btnLogin']]
Session ID: dfa3ad129b976ee434e016e782c022d8
at org.openqa.selenium.remote.codec.w3c.W3CHttpResponseCodec.createException(W3CHttpResponseCodec.java:200)
at org.openqa.selenium.remote.codec.w3c.W3CHttpResponseCodec.decode(W3CHttpResponseCodec.java:133)
at org.openqa.selenium.remote.codec.w3c.W3CHttpResponseCodec.decode(W3CHttpResponseCodec.java:53)
at org.openqa.selenium.remote.HttpCommandExecutor.execute(HttpCommandExecutor.java:184)
at org.openqa.selenium.remote.service.DriverCommandExecutor.invokeExecute(DriverCommandExecutor.java:167)
at org.openqa.selenium.remote.service.DriverCommandExecutor.execute(DriverCommandExecutor.java:142)
at org.openqa.selenium.remote.RemoteWebDriver.execute(RemoteWebDriver.java:567)
at org.openqa.selenium.remote.RemoteWebElement.execute(RemoteWebElement.java:251)
at org.openqa.selenium.remote.RemoteWebElement.click(RemoteWebElement.java:77)
at org.openqa.selenium.support.pagefactory.internal.LocatingElementHandler.invoke(LocatingElementHandler.java:52)
at jdk.proxy2/jdk.proxy2.$Proxy20.click(Unknown Source)
at com.miles.tellworks.pagepanel.TellWorksLogin.login(TellWorksLogin.java:20)
at com.miles.tellworks.testcases.AdminTest.launchBrowser(AdminTest.java:46)
at java.base/java.util.ArrayList.forEach(ArrayList.java:1511)
at java.base/java.util.concurrent.FutureTask.run(FutureTask.java:264)
at java.base/java.util.concurrent.ThreadPoolExecutor.runWorker(ThreadPoolExecutor.java:1136)
at java.base/java.util.concurrent.ThreadPoolExecutor$Worker.run(ThreadPoolExecutor.java:635)
at java.base/java.lang.Thread.run(Thread.java:833)
... Removed 25 stack frames]]>
    </failure>
  </testcase> <!-- @BeforeClass launchBrowser -->
  <testcase classname="com.miles.tellworks.testcases.AdminTest" name="@AfterMethod tearDown" time="-1.6535606271E9">
    <skipped/>
  </testcase> <!-- @AfterMethod tearDown -->
  <testcase classname="com.miles.tellworks.testcases.AdminTest" name="@AfterMethod tearDown" time="-1.653560627112E9">
    <skipped/>
  </testcase> <!-- @AfterMethod tearDown -->
  <testcase classname="com.miles.tellworks.testcases.AdminTest" name="@AfterMethod tearDown" time="-1.65356062714E9">
    <skipped/>
  </testcase> <!-- @AfterMethod tearDown -->
  <testcase classname="com.miles.tellworks.testcases.AdminTest" name="@AfterMethod tearDown" time="-1.653560627158E9">
    <skipped/>
  </testcase> <!-- @AfterMethod tearDown -->
  <testcase classname="com.miles.tellworks.testcases.AdminTest" name="@AfterMethod tearDown" time="-1.653560627168E9">
    <skipped/>
  </testcase> <!-- @AfterMethod tearDown -->
  <testcase classname="com.miles.tellworks.testcases.AdminTest" name="@AfterMethod tearDown" time="-1.653560627177E9">
    <skipped/>
  </testcase> <!-- @AfterMethod tearDown -->
  <testcase classname="com.miles.tellworks.testcases.AdminTest" name="@AfterMethod tearDown" time="-1.653560627193E9">
    <skipped/>
  </testcase> <!-- @AfterMethod tearDown -->
  <testcase classname="com.miles.tellworks.testcases.AdminTest" name="@AfterMethod tearDown" time="-1.65356062721E9">
    <skipped/>
  </testcase> <!-- @AfterMethod tearDown -->
  <testcase classname="com.miles.tellworks.testcases.AdminTest" name="@AfterMethod tearDown" time="-1.653560627243E9">
    <skipped/>
  </testcase> <!-- @AfterMethod tearDown -->
  <testcase classname="com.miles.tellworks.testcases.AdminTest" name="@AfterMethod tearDown" time="-1.653560627279E9">
    <skipped/>
  </testcase> <!-- @AfterMethod tearDown -->
  <testcase classname="com.miles.tellworks.testcases.AdminTest" name="@AfterMethod tearDown" time="-1.653560627321E9">
    <skipped/>
  </testcase> <!-- @AfterMethod tearDown -->
  <testcase classname="com.miles.tellworks.testcases.AdminTest" name="@AfterMethod tearDown" time="-1.653560627335E9">
    <skipped/>
  </testcase> <!-- @AfterMethod tearDown -->
  <testcase classname="com.miles.tellworks.testcases.AdminTest" name="@AfterMethod tearDown" time="-1.653560627357E9">
    <skipped/>
  </testcase> <!-- @AfterMethod tearDown -->
  <testcase classname="com.miles.tellworks.testcases.AdminTest" name="@AfterMethod tearDown" time="-1.653560627375E9">
    <skipped/>
  </testcase> <!-- @AfterMethod tearDown -->
  <testcase classname="com.miles.tellworks.testcases.AdminTest" name="@AfterMethod tearDown" time="-1.653560627382E9">
    <skipped/>
  </testcase> <!-- @AfterMethod tearDown -->
  <testcase classname="com.miles.tellworks.testcases.AdminTest" name="@AfterMethod tearDown" time="-1.653560627391E9">
    <skipped/>
  </testcase> <!-- @AfterMethod tearDown -->
  <testcase classname="com.miles.tellworks.testcases.AdminTest" name="@AfterClass CloseBrowser" time="-1.653560627396E9">
    <skipped/>
  </testcase> <!-- @AfterClass CloseBrowser -->
  <testcase classname="com.miles.tellworks.testcases.AdminTest" name="@AfterTest endReport" time="-1.653560627398E9">
    <skipped/>
  </testcase> <!-- @AfterTest endReport -->
  <testcase classname="com.miles.tellworks.testcases.AdminTest" name="adminAdjustmentReasonCodesTest" time="0.0">
    <skipped/>
  </testcase> <!-- adminAdjustmentReasonCodesTest -->
  <testcase classname="com.miles.tellworks.testcases.AdminTest" name="adminReasonCodesTest" time="0.0">
    <skipped/>
  </testcase> <!-- adminReasonCodesTest -->
  <testcase classname="com.miles.tellworks.testcases.AdminTest" name="adminSerialManagementTest" time="0.0">
    <skipped/>
  </testcase> <!-- adminSerialManagementTest -->
  <testcase classname="com.miles.tellworks.testcases.AdminTest" name="adminWarehouseLocationTest" time="0.0">
    <skipped/>
  </testcase> <!-- adminWarehouseLocationTest -->
  <testcase classname="com.miles.tellworks.testcases.AdminTest" name="adminWarehouseTest" time="0.0">
    <skipped/>
  </testcase> <!-- adminWarehouseTest -->
  <testcase classname="com.miles.tellworks.testcases.AdminTest" name="adminWarehouseZonesTest" time="0.0">
    <skipped/>
  </testcase> <!-- adminWarehouseZonesTest -->
  <testcase classname="com.miles.tellworks.testcases.AdminTest" name="controlTableAreasTest" time="0.0">
    <skipped/>
  </testcase> <!-- controlTableAreasTest -->
  <testcase classname="com.miles.tellworks.testcases.AdminTest" name="controlTableMarketTest" time="0.0">
    <skipped/>
  </testcase> <!-- controlTableMarketTest -->
  <testcase classname="com.miles.tellworks.testcases.AdminTest" name="controlTableProjectTest" time="0.0">
    <skipped/>
  </testcase> <!-- controlTableProjectTest -->
  <testcase classname="com.miles.tellworks.testcases.AdminTest" name="controlTableRegionsTest" time="0.0">
    <skipped/>
  </testcase> <!-- controlTableRegionsTest -->
  <testcase classname="com.miles.tellworks.testcases.AdminTest" name="marketProjectTest" time="0.0">
    <skipped/>
  </testcase> <!-- marketProjectTest -->
  <testcase classname="com.miles.tellworks.testcases.AdminTest" name="partMaintenanceTest" time="0.0">
    <skipped/>
  </testcase> <!-- partMaintenanceTest -->
  <testcase classname="com.miles.tellworks.testcases.AdminTest" name="partMasterTest" time="0.0">
    <skipped/>
  </testcase> <!-- partMasterTest -->
  <testcase classname="com.miles.tellworks.testcases.AdminTest" name="regionAreaMarketTest" time="0.0">
    <skipped/>
  </testcase> <!-- regionAreaMarketTest -->
  <testcase classname="com.miles.tellworks.testcases.AdminTest" name="userAdministratationTest" time="0.0">
    <skipped/>
  </testcase> <!-- userAdministratationTest -->
  <testcase classname="com.miles.tellworks.testcases.AdminTest" name="userAuditTest" time="0.0">
    <skipped/>
  </testcase> <!-- userAuditTest -->
</testsuite> <!-- TellWorks App Test Cases 1 -->
