<?xml version="1.0" encoding="UTF-8"?>
<!-- Generated by org.testng.reporters.JUnitXMLReporter -->
<testsuite ignored="0" hostname="BSS-SBOJEDLA" failures="1" tests="11" name="TellWorks App Test Cases 4" time="31.064" errors="0" timestamp="2022-05-26T15:53:58 IST">
  <testcase classname="com.miles.tellworks.testcases.DeploymentsTest" name="@AfterMethod tearDown" time="0.071">
    <failure type="org.openqa.selenium.NoSuchWindowException" message="no such window: target window already closed
from unknown error: web view not found
  (Session info: chrome=102.0.5005.63)
Build info: version: &amp;apos;4.1.3&amp;apos;, revision: &amp;apos;7b1ebf28ef&amp;apos;
System info: host: &amp;apos;BSS-SBOJEDLA&amp;apos;, ip: &amp;apos;192.168.1.25&amp;apos;, os.name: &amp;apos;Windows 10&amp;apos;, os.arch: &amp;apos;amd64&amp;apos;, os.version: &amp;apos;10.0&amp;apos;, java.version: &amp;apos;17.0.2&amp;apos;
Driver info: org.openqa.selenium.chrome.ChromeDriver
Command: [dfa3ad129b976ee434e016e782c022d8, screenshot {}]
Capabilities {acceptInsecureCerts: false, browserName: chrome, browserVersion: 102.0.5005.63, chrome: {chromedriverVersion: 102.0.5005.61 (0e59bcc00cc4..., userDataDir: C:\Users\sbojedla\AppData\L...}, goog:chromeOptions: {debuggerAddress: localhost:56334}, javascriptEnabled: true, networkConnectionEnabled: false, pageLoadStrategy: normal, platform: WINDOWS, platformName: WINDOWS, proxy: Proxy(), se:cdp: ws://localhost:56334/devtoo..., se:cdpVersion: 102.0.5005.63, setWindowRect: true, strictFileInteractability: false, timeouts: {implicit: 0, pageLoad: 300000, script: 30000}, unhandledPromptBehavior: dismiss and notify, webauthn:extension:credBlob: true, webauthn:extension:largeBlob: true, webauthn:virtualAuthenticators: true}
Session ID: dfa3ad129b976ee434e016e782c022d8">
      <![CDATA[org.openqa.selenium.NoSuchWindowException: no such window: target window already closed
from unknown error: web view not found
  (Session info: chrome=102.0.5005.63)
Build info: version: '4.1.3', revision: '7b1ebf28ef'
System info: host: 'BSS-SBOJEDLA', ip: '192.168.1.25', os.name: 'Windows 10', os.arch: 'amd64', os.version: '10.0', java.version: '17.0.2'
Driver info: org.openqa.selenium.chrome.ChromeDriver
Command: [dfa3ad129b976ee434e016e782c022d8, screenshot {}]
Capabilities {acceptInsecureCerts: false, browserName: chrome, browserVersion: 102.0.5005.63, chrome: {chromedriverVersion: 102.0.5005.61 (0e59bcc00cc4..., userDataDir: C:\Users\sbojedla\AppData\L...}, goog:chromeOptions: {debuggerAddress: localhost:56334}, javascriptEnabled: true, networkConnectionEnabled: false, pageLoadStrategy: normal, platform: WINDOWS, platformName: WINDOWS, proxy: Proxy(), se:cdp: ws://localhost:56334/devtoo..., se:cdpVersion: 102.0.5005.63, setWindowRect: true, strictFileInteractability: false, timeouts: {implicit: 0, pageLoad: 300000, script: 30000}, unhandledPromptBehavior: dismiss and notify, webauthn:extension:credBlob: true, webauthn:extension:largeBlob: true, webauthn:virtualAuthenticators: true}
Session ID: dfa3ad129b976ee434e016e782c022d8
at org.openqa.selenium.remote.codec.w3c.W3CHttpResponseCodec.createException(W3CHttpResponseCodec.java:200)
at org.openqa.selenium.remote.codec.w3c.W3CHttpResponseCodec.decode(W3CHttpResponseCodec.java:133)
at org.openqa.selenium.remote.codec.w3c.W3CHttpResponseCodec.decode(W3CHttpResponseCodec.java:53)
at org.openqa.selenium.remote.HttpCommandExecutor.execute(HttpCommandExecutor.java:184)
at org.openqa.selenium.remote.service.DriverCommandExecutor.invokeExecute(DriverCommandExecutor.java:167)
at org.openqa.selenium.remote.service.DriverCommandExecutor.execute(DriverCommandExecutor.java:142)
at org.openqa.selenium.remote.RemoteWebDriver.execute(RemoteWebDriver.java:567)
at org.openqa.selenium.remote.RemoteWebDriver.execute(RemoteWebDriver.java:622)
at org.openqa.selenium.remote.RemoteWebDriver.execute(RemoteWebDriver.java:626)
at org.openqa.selenium.remote.RemoteWebDriver.getScreenshotAs(RemoteWebDriver.java:351)
at com.miles.tellworks.pagepanel.CommonMethods.getScreenshot(CommonMethods.java:25)
at com.miles.tellworks.testcases.DeploymentsTest.tearDown(DeploymentsTest.java:125)
at java.base/java.util.ArrayList.forEach(ArrayList.java:1511)
at java.base/java.util.concurrent.FutureTask.run(FutureTask.java:264)
at java.base/java.util.concurrent.ThreadPoolExecutor.runWorker(ThreadPoolExecutor.java:1136)
at java.base/java.util.concurrent.ThreadPoolExecutor$Worker.run(ThreadPoolExecutor.java:635)
at java.base/java.lang.Thread.run(Thread.java:833)
... Removed 28 stack frames]]>
    </failure>
  </testcase> <!-- @AfterMethod tearDown -->
  <testcase classname="com.miles.tellworks.testcases.DeploymentsTest" name="@AfterMethod tearDown" time="-1.653560638808E9">
    <skipped/>
  </testcase> <!-- @AfterMethod tearDown -->
  <testcase classname="com.miles.tellworks.testcases.DeploymentsTest" name="@AfterMethod tearDown" time="-1.653560638818E9">
    <skipped/>
  </testcase> <!-- @AfterMethod tearDown -->
  <testcase classname="com.miles.tellworks.testcases.DeploymentsTest" name="@AfterMethod tearDown" time="-1.653560638838E9">
    <skipped/>
  </testcase> <!-- @AfterMethod tearDown -->
  <testcase classname="com.miles.tellworks.testcases.DeploymentsTest" name="@AfterMethod tearDown" time="-1.653560638844E9">
    <skipped/>
  </testcase> <!-- @AfterMethod tearDown -->
  <testcase classname="com.miles.tellworks.testcases.DeploymentsTest" name="@AfterMethod tearDown" time="-1.653560638872E9">
    <skipped/>
  </testcase> <!-- @AfterMethod tearDown -->
  <testcase classname="com.miles.tellworks.testcases.DeploymentsTest" name="@AfterMethod tearDown" time="-1.653560638878E9">
    <skipped/>
  </testcase> <!-- @AfterMethod tearDown -->
  <testcase classname="com.miles.tellworks.testcases.DeploymentsTest" name="@AfterMethod tearDown" time="-1.653560638885E9">
    <skipped/>
  </testcase> <!-- @AfterMethod tearDown -->
  <testcase classname="com.miles.tellworks.testcases.DeploymentsTest" name="@AfterMethod tearDown" time="-1.653560638894E9">
    <skipped/>
  </testcase> <!-- @AfterMethod tearDown -->
  <testcase classname="com.miles.tellworks.testcases.DeploymentsTest" name="@AfterMethod tearDown" time="-1.653560638902E9">
    <skipped/>
  </testcase> <!-- @AfterMethod tearDown -->
  <testcase classname="com.miles.tellworks.testcases.DeploymentsTest" name="@AfterMethod tearDown" time="-1.653560638907E9">
    <skipped/>
  </testcase> <!-- @AfterMethod tearDown -->
  <testcase classname="com.miles.tellworks.testcases.DeploymentsTest" name="@AfterClass CloseBrowser" time="-1.653560638909E9">
    <skipped/>
  </testcase> <!-- @AfterClass CloseBrowser -->
  <testcase classname="com.miles.tellworks.testcases.DeploymentsTest" name="@AfterTest endReport" time="-1.653560638911E9">
    <skipped/>
  </testcase> <!-- @AfterTest endReport -->
  <testcase classname="com.miles.tellworks.testcases.DeploymentsTest" name="bomSSTest" time="11.501">
    <failure type="org.openqa.selenium.NoSuchWindowException" message="no such window: target window already closed
from unknown error: web view not found
  (Session info: chrome=102.0.5005.63)
Build info: version: &amp;apos;4.1.3&amp;apos;, revision: &amp;apos;7b1ebf28ef&amp;apos;
System info: host: &amp;apos;BSS-SBOJEDLA&amp;apos;, ip: &amp;apos;192.168.1.25&amp;apos;, os.name: &amp;apos;Windows 10&amp;apos;, os.arch: &amp;apos;amd64&amp;apos;, os.version: &amp;apos;10.0&amp;apos;, java.version: &amp;apos;17.0.2&amp;apos;
Driver info: org.openqa.selenium.chrome.ChromeDriver
Command: [dfa3ad129b976ee434e016e782c022d8, findElement {using=xpath, value=//a[@id = &amp;apos;A2&amp;apos;]}]
Capabilities {acceptInsecureCerts: false, browserName: chrome, browserVersion: 102.0.5005.63, chrome: {chromedriverVersion: 102.0.5005.61 (0e59bcc00cc4..., userDataDir: C:\Users\sbojedla\AppData\L...}, goog:chromeOptions: {debuggerAddress: localhost:56334}, javascriptEnabled: true, networkConnectionEnabled: false, pageLoadStrategy: normal, platform: WINDOWS, platformName: WINDOWS, proxy: Proxy(), se:cdp: ws://localhost:56334/devtoo..., se:cdpVersion: 102.0.5005.63, setWindowRect: true, strictFileInteractability: false, timeouts: {implicit: 0, pageLoad: 300000, script: 30000}, unhandledPromptBehavior: dismiss and notify, webauthn:extension:credBlob: true, webauthn:extension:largeBlob: true, webauthn:virtualAuthenticators: true}
Session ID: dfa3ad129b976ee434e016e782c022d8">
      <![CDATA[org.openqa.selenium.NoSuchWindowException: no such window: target window already closed
from unknown error: web view not found
  (Session info: chrome=102.0.5005.63)
Build info: version: '4.1.3', revision: '7b1ebf28ef'
System info: host: 'BSS-SBOJEDLA', ip: '192.168.1.25', os.name: 'Windows 10', os.arch: 'amd64', os.version: '10.0', java.version: '17.0.2'
Driver info: org.openqa.selenium.chrome.ChromeDriver
Command: [dfa3ad129b976ee434e016e782c022d8, findElement {using=xpath, value=//a[@id = 'A2']}]
Capabilities {acceptInsecureCerts: false, browserName: chrome, browserVersion: 102.0.5005.63, chrome: {chromedriverVersion: 102.0.5005.61 (0e59bcc00cc4..., userDataDir: C:\Users\sbojedla\AppData\L...}, goog:chromeOptions: {debuggerAddress: localhost:56334}, javascriptEnabled: true, networkConnectionEnabled: false, pageLoadStrategy: normal, platform: WINDOWS, platformName: WINDOWS, proxy: Proxy(), se:cdp: ws://localhost:56334/devtoo..., se:cdpVersion: 102.0.5005.63, setWindowRect: true, strictFileInteractability: false, timeouts: {implicit: 0, pageLoad: 300000, script: 30000}, unhandledPromptBehavior: dismiss and notify, webauthn:extension:credBlob: true, webauthn:extension:largeBlob: true, webauthn:virtualAuthenticators: true}
Session ID: dfa3ad129b976ee434e016e782c022d8
at org.openqa.selenium.remote.codec.w3c.W3CHttpResponseCodec.createException(W3CHttpResponseCodec.java:200)
at org.openqa.selenium.remote.codec.w3c.W3CHttpResponseCodec.decode(W3CHttpResponseCodec.java:133)
at org.openqa.selenium.remote.codec.w3c.W3CHttpResponseCodec.decode(W3CHttpResponseCodec.java:53)
at org.openqa.selenium.remote.HttpCommandExecutor.execute(HttpCommandExecutor.java:184)
at org.openqa.selenium.remote.service.DriverCommandExecutor.invokeExecute(DriverCommandExecutor.java:167)
at org.openqa.selenium.remote.service.DriverCommandExecutor.execute(DriverCommandExecutor.java:142)
at org.openqa.selenium.remote.RemoteWebDriver.execute(RemoteWebDriver.java:567)
at org.openqa.selenium.remote.ElementLocation$ElementFinder$2.findElement(ElementLocation.java:162)
at org.openqa.selenium.remote.ElementLocation.findElement(ElementLocation.java:60)
at org.openqa.selenium.remote.RemoteWebDriver.findElement(RemoteWebDriver.java:385)
at org.openqa.selenium.remote.RemoteWebDriver.findElement(RemoteWebDriver.java:377)
at org.openqa.selenium.support.pagefactory.DefaultElementLocator.findElement(DefaultElementLocator.java:70)
at org.openqa.selenium.support.pagefactory.internal.LocatingElementHandler.invoke(LocatingElementHandler.java:39)
at jdk.proxy2/jdk.proxy2.$Proxy20.click(Unknown Source)
at com.miles.tellworks.pagepanel.Deployments.deploymentBOMShortageSummary(Deployments.java:234)
at com.miles.tellworks.testcases.DeploymentsTest.bomSSTest(DeploymentsTest.java:86)
at java.base/java.util.ArrayList.forEach(ArrayList.java:1511)
at java.base/java.util.concurrent.FutureTask.run(FutureTask.java:264)
at java.base/java.util.concurrent.ThreadPoolExecutor.runWorker(ThreadPoolExecutor.java:1136)
at java.base/java.util.concurrent.ThreadPoolExecutor$Worker.run(ThreadPoolExecutor.java:635)
at java.base/java.lang.Thread.run(Thread.java:833)
... Removed 23 stack frames]]>
    </failure>
  </testcase> <!-- bomSSTest -->
  <testcase classname="com.miles.tellworks.testcases.DeploymentsTest" name="bomTest" time="0.0">
    <skipped/>
  </testcase> <!-- bomTest -->
  <testcase classname="com.miles.tellworks.testcases.DeploymentsTest" name="capxTest" time="0.0">
    <skipped/>
  </testcase> <!-- capxTest -->
  <testcase classname="com.miles.tellworks.testcases.DeploymentsTest" name="dOPDTest" time="0.0">
    <skipped/>
  </testcase> <!-- dOPDTest -->
  <testcase classname="com.miles.tellworks.testcases.DeploymentsTest" name="dSRDSTest" time="0.0">
    <skipped/>
  </testcase> <!-- dSRDSTest -->
  <testcase classname="com.miles.tellworks.testcases.DeploymentsTest" name="deploymentsDKRRListTest" time="0.0">
    <skipped/>
  </testcase> <!-- deploymentsDKRRListTest -->
  <testcase classname="com.miles.tellworks.testcases.DeploymentsTest" name="deploymentsEmailNotificationSetupTest" time="0.0">
    <skipped/>
  </testcase> <!-- deploymentsEmailNotificationSetupTest -->
  <testcase classname="com.miles.tellworks.testcases.DeploymentsTest" name="oVSdTest" time="0.0">
    <skipped/>
  </testcase> <!-- oVSdTest -->
  <testcase classname="com.miles.tellworks.testcases.DeploymentsTest" name="psmTest" time="0.0">
    <skipped/>
  </testcase> <!-- psmTest -->
  <testcase classname="com.miles.tellworks.testcases.DeploymentsTest" name="siteTest" time="0.0">
    <skipped/>
  </testcase> <!-- siteTest -->
  <testcase classname="com.miles.tellworks.testcases.DeploymentsTest" name="warehouseTest" time="0.0">
    <skipped/>
  </testcase> <!-- warehouseTest -->
</testsuite> <!-- TellWorks App Test Cases 4 -->
