<?xml version="1.0" encoding="UTF-8"?>
<!-- Generated by org.testng.reporters.JUnitXMLReporter -->
<testsuite ignored="13" hostname="BSS-SBOJEDLA" failures="2" tests="3" name="TellWorks App Test Cases(failed)" time="153.078" errors="0" timestamp="2022-06-07T22:15:33 IST">
  <testcase classname="com.miles.tellworks.testcases.SupportInventoryValidationTest" name="SupportInventoryAdjustmentsTest" time="74.317">
    <failure type="org.openqa.selenium.NoSuchElementException" message="Cannot locate option with text: CAPX
For documentation on this error, please visit: https://selenium.dev/exceptions/#no_such_element
Build info: version: &amp;apos;4.1.3&amp;apos;, revision: &amp;apos;7b1ebf28ef&amp;apos;
System info: host: &amp;apos;BSS-SBOJEDLA&amp;apos;, ip: &amp;apos;192.168.1.25&amp;apos;, os.name: &amp;apos;Windows 10&amp;apos;, os.arch: &amp;apos;amd64&amp;apos;, os.version: &amp;apos;10.0&amp;apos;, java.version: &amp;apos;17.0.2&amp;apos;
Driver info: driver.version: unknown">
      <![CDATA[org.openqa.selenium.NoSuchElementException: Cannot locate option with text: CAPX
For documentation on this error, please visit: https://selenium.dev/exceptions/#no_such_element
Build info: version: '4.1.3', revision: '7b1ebf28ef'
System info: host: 'BSS-SBOJEDLA', ip: '192.168.1.25', os.name: 'Windows 10', os.arch: 'amd64', os.version: '10.0', java.version: '17.0.2'
Driver info: driver.version: unknown
at org.openqa.selenium.support.ui.Select.selectByVisibleText(Select.java:151)
at com.miles.tellworks.pagepanel.Support.SupportInventoryAdjustments(Support.java:574)
at com.miles.tellworks.testcases.SupportInventoryValidationTest.SupportInventoryAdjustmentsTest(SupportInventoryValidationTest.java:65)
at java.base/java.util.ArrayList.forEach(ArrayList.java:1511)
... Removed 27 stack frames]]>
    </failure>
  </testcase> <!-- SupportInventoryAdjustmentsTest -->
  <testcase classname="com.miles.tellworks.testcases.SupportInventoryValidationTest" name="SupportInventoryMovesTest" time="8.706">
    <failure type="org.openqa.selenium.ElementNotInteractableException" message="element not interactable
  (Session info: chrome=102.0.5005.63)
Build info: version: &amp;apos;4.1.3&amp;apos;, revision: &amp;apos;7b1ebf28ef&amp;apos;
System info: host: &amp;apos;BSS-SBOJEDLA&amp;apos;, ip: &amp;apos;192.168.1.25&amp;apos;, os.name: &amp;apos;Windows 10&amp;apos;, os.arch: &amp;apos;amd64&amp;apos;, os.version: &amp;apos;10.0&amp;apos;, java.version: &amp;apos;17.0.2&amp;apos;
Driver info: org.openqa.selenium.chrome.ChromeDriver
Command: [9f1bbdb60b34a5b43372ee1890dbd7cf, sendKeysToElement {id=8d7e86f6-0502-4e62-884d-4e0bbe8d8af4, value=[Ljava.lang.CharSequence;@16a5eb6d}]
Capabilities {acceptInsecureCerts: false, browserName: chrome, browserVersion: 102.0.5005.63, chrome: {chromedriverVersion: 102.0.5005.61 (0e59bcc00cc4..., userDataDir: C:\Users\sbojedla\AppData\L...}, goog:chromeOptions: {debuggerAddress: localhost:57779}, javascriptEnabled: true, networkConnectionEnabled: false, pageLoadStrategy: normal, platform: WINDOWS, platformName: WINDOWS, proxy: Proxy(), se:cdp: ws://localhost:57779/devtoo..., se:cdpVersion: 102.0.5005.63, setWindowRect: true, strictFileInteractability: false, timeouts: {implicit: 0, pageLoad: 300000, script: 30000}, unhandledPromptBehavior: dismiss and notify, webauthn:extension:credBlob: true, webauthn:extension:largeBlob: true, webauthn:virtualAuthenticators: true}
Element: [[ChromeDriver: chrome on WINDOWS (9f1bbdb60b34a5b43372ee1890dbd7cf)] -&amp;gt; xpath: //td[@class = &amp;apos;row-width-85&amp;apos;]]
Session ID: 9f1bbdb60b34a5b43372ee1890dbd7cf">
      <![CDATA[org.openqa.selenium.ElementNotInteractableException: element not interactable
  (Session info: chrome=102.0.5005.63)
Build info: version: '4.1.3', revision: '7b1ebf28ef'
System info: host: 'BSS-SBOJEDLA', ip: '192.168.1.25', os.name: 'Windows 10', os.arch: 'amd64', os.version: '10.0', java.version: '17.0.2'
Driver info: org.openqa.selenium.chrome.ChromeDriver
Command: [9f1bbdb60b34a5b43372ee1890dbd7cf, sendKeysToElement {id=8d7e86f6-0502-4e62-884d-4e0bbe8d8af4, value=[Ljava.lang.CharSequence;@16a5eb6d}]
Capabilities {acceptInsecureCerts: false, browserName: chrome, browserVersion: 102.0.5005.63, chrome: {chromedriverVersion: 102.0.5005.61 (0e59bcc00cc4..., userDataDir: C:\Users\sbojedla\AppData\L...}, goog:chromeOptions: {debuggerAddress: localhost:57779}, javascriptEnabled: true, networkConnectionEnabled: false, pageLoadStrategy: normal, platform: WINDOWS, platformName: WINDOWS, proxy: Proxy(), se:cdp: ws://localhost:57779/devtoo..., se:cdpVersion: 102.0.5005.63, setWindowRect: true, strictFileInteractability: false, timeouts: {implicit: 0, pageLoad: 300000, script: 30000}, unhandledPromptBehavior: dismiss and notify, webauthn:extension:credBlob: true, webauthn:extension:largeBlob: true, webauthn:virtualAuthenticators: true}
Element: [[ChromeDriver: chrome on WINDOWS (9f1bbdb60b34a5b43372ee1890dbd7cf)] -> xpath: //td[@class = 'row-width-85']]
Session ID: 9f1bbdb60b34a5b43372ee1890dbd7cf
at org.openqa.selenium.remote.codec.w3c.W3CHttpResponseCodec.createException(W3CHttpResponseCodec.java:200)
at org.openqa.selenium.remote.codec.w3c.W3CHttpResponseCodec.decode(W3CHttpResponseCodec.java:133)
at org.openqa.selenium.remote.codec.w3c.W3CHttpResponseCodec.decode(W3CHttpResponseCodec.java:53)
at org.openqa.selenium.remote.HttpCommandExecutor.execute(HttpCommandExecutor.java:184)
at org.openqa.selenium.remote.service.DriverCommandExecutor.invokeExecute(DriverCommandExecutor.java:167)
at org.openqa.selenium.remote.service.DriverCommandExecutor.execute(DriverCommandExecutor.java:142)
at org.openqa.selenium.remote.RemoteWebDriver.execute(RemoteWebDriver.java:567)
at org.openqa.selenium.remote.RemoteWebElement.execute(RemoteWebElement.java:251)
at org.openqa.selenium.remote.RemoteWebElement.sendKeys(RemoteWebElement.java:107)
at org.openqa.selenium.support.pagefactory.internal.LocatingElementHandler.invoke(LocatingElementHandler.java:52)
at jdk.proxy2/jdk.proxy2.$Proxy20.sendKeys(Unknown Source)
at com.miles.tellworks.pagepanel.Support.SupportInventoryMoves(Support.java:514)
at com.miles.tellworks.testcases.SupportInventoryValidationTest.SupportInventoryMovesTest(SupportInventoryValidationTest.java:59)
at java.base/java.util.ArrayList.forEach(ArrayList.java:1511)
... Removed 36 stack frames]]>
    </failure>
  </testcase> <!-- SupportInventoryMovesTest -->
  <testcase classname="com.miles.tellworks.testcases.SupportTest" name="SupportMinMaxTest" time="48.459"/>
  <testcase classname="com.miles.tellworks.testcases.SupportTest" name="SupportCompleteReversalGridTest" time="0.0">
    <ignored/>
  </testcase> <!-- SupportCompleteReversalGridTest -->
  <testcase classname="com.miles.tellworks.testcases.SupportTest" name="SupportPODataSyncTest" time="0.0">
    <ignored/>
  </testcase> <!-- SupportPODataSyncTest -->
  <testcase classname="com.miles.tellworks.testcases.SupportTest" name="SupportOutboundMonitorTest" time="0.0">
    <ignored/>
  </testcase> <!-- SupportOutboundMonitorTest -->
  <testcase classname="com.miles.tellworks.testcases.SupportTest" name="SupportCompromisedInventoryReconciliationTest" time="0.0">
    <ignored/>
  </testcase> <!-- SupportCompromisedInventoryReconciliationTest -->
  <testcase classname="com.miles.tellworks.testcases.SupportTest" name="SupportChartTransfertoRepairTest" time="0.0">
    <ignored/>
  </testcase> <!-- SupportChartTransfertoRepairTest -->
  <testcase classname="com.miles.tellworks.testcases.SupportInventoryValidationTest" name="SupportInventoryManagementTest" time="0.0">
    <ignored/>
  </testcase> <!-- SupportInventoryManagementTest -->
  <testcase classname="com.miles.tellworks.testcases.SupportTest" name="SupportErrorsandAlertsTest" time="0.0">
    <ignored/>
  </testcase> <!-- SupportErrorsandAlertsTest -->
  <testcase classname="com.miles.tellworks.testcases.SupportTest" name="SupportASNManagementTest" time="0.0">
    <ignored/>
  </testcase> <!-- SupportASNManagementTest -->
  <testcase classname="com.miles.tellworks.testcases.SupportTest" name="SupportPickDefectiveInventoryTest" time="0.0">
    <ignored/>
  </testcase> <!-- SupportPickDefectiveInventoryTest -->
  <testcase classname="com.miles.tellworks.testcases.SupportTest" name="SupportConfirmedKitListTest" time="0.0">
    <ignored/>
  </testcase> <!-- SupportConfirmedKitListTest -->
  <testcase classname="com.miles.tellworks.testcases.SupportTest" name="SupportLoadBuilderMaintenanceTest" time="0.0">
    <ignored/>
  </testcase> <!-- SupportLoadBuilderMaintenanceTest -->
  <testcase classname="com.miles.tellworks.testcases.SupportTest" name="SupportReceivingManagementTest" time="0.0">
    <ignored/>
  </testcase> <!-- SupportReceivingManagementTest -->
  <testcase classname="com.miles.tellworks.testcases.SupportTest" name="SupportPOSAReversalsTest" time="0.0">
    <ignored/>
  </testcase> <!-- SupportPOSAReversalsTest -->
</testsuite> <!-- TellWorks App Test Cases(failed) -->
